[15:57:46] [ServerMain/INFO]: Environment: Environment[sessionHost=https://sessionserver.mojang.com, servicesHost=https://api.minecraftservices.com, name=PROD]
[15:57:49] [ServerMain/INFO]: Loaded 7 recipes
[15:57:49] [ServerMain/INFO]: Loaded 1271 advancements
[15:57:50] [Server thread/INFO]: Starting minecraft server version 1.20.4
[15:57:50] [Server thread/INFO]: Loading properties
[15:57:50] [Server thread/INFO]: Default game type: SURVIVAL
[15:57:50] [Server thread/INFO]: Generating keypair
[15:57:50] [Server thread/INFO]: Starting Minecraft server on *:25565
[15:57:50] [Server thread/INFO]: Using epoll channel type
[15:57:50] [Server thread/WARN]: **** SERVER IS RUNNING IN OFFLINE/INSECURE MODE!
[15:57:50] [Server thread/WARN]: The server will make no attempt to authenticate usernames. Beware.
[15:57:50] [Server thread/WARN]: While this makes the game possible to play without internet access, it also opens up the ability for hackers to connect with any username they choose.
[15:57:50] [Server thread/WARN]: To change this, set "online-mode" to "true" in the server.properties file.
[15:57:50] [Server thread/INFO]: Preparing level "world"
[15:57:56] [Server thread/INFO]: Preparing start region for dimension minecraft:overworld
[15:58:00] [Worker-Main-1/INFO]: Preparing spawn area: 0%
[15:58:00] [Worker-Main-1/INFO]: Preparing spawn area: 0%
[15:58:00] [Worker-Main-1/INFO]: Preparing spawn area: 0%
[15:58:00] [Worker-Main-1/INFO]: Preparing spawn area: 0%
[15:58:00] [Worker-Main-1/INFO]: Preparing spawn area: 0%
[15:58:00] [Worker-Main-1/INFO]: Preparing spawn area: 0%
[15:58:00] [Worker-Main-1/INFO]: Preparing spawn area: 0%
[15:58:00] [Worker-Main-1/INFO]: Preparing spawn area: 0%
[15:58:00] [Worker-Main-1/INFO]: Preparing spawn area: 0%
[15:58:00] [Worker-Main-1/INFO]: Preparing spawn area: 0%
[15:58:01] [Worker-Main-1/INFO]: Preparing spawn area: 0%
[15:58:01] [Worker-Main-1/INFO]: Preparing spawn area: 0%
[15:58:02] [Worker-Main-1/INFO]: Preparing spawn area: 0%
[15:58:02] [Worker-Main-1/INFO]: Preparing spawn area: 0%
[15:58:03] [Server thread/INFO]: Time elapsed: 7007 ms
[15:58:03] [Server thread/INFO]: Done (12.393s)! For help, type "help"
